[debug] [2019-07-11T07:37:04.681Z] ----------------------------------------------------------------------
[debug] [2019-07-11T07:37:04.683Z] Command:       /usr/local/bin/node /usr/local/bin/firebase deploy --only hosting:https://quake-33bdf.firebaseapp.com
[debug] [2019-07-11T07:37:04.683Z] CLI Version:   7.0.2
[debug] [2019-07-11T07:37:04.683Z] Platform:      darwin
[debug] [2019-07-11T07:37:04.683Z] Node Version:  v8.12.0
[debug] [2019-07-11T07:37:04.684Z] Time:          Thu Jul 11 2019 00:37:04 GMT-0700 (PDT)
[debug] [2019-07-11T07:37:04.684Z] ----------------------------------------------------------------------
[debug] 
[debug] [2019-07-11T07:37:04.691Z] > command requires scopes: ["email","openid","https://www.googleapis.com/auth/cloudplatformprojects.readonly","https://www.googleapis.com/auth/firebase","https://www.googleapis.com/auth/cloud-platform"]
[debug] [2019-07-11T07:37:04.691Z] > authorizing via signed-in user
[debug] [2019-07-11T07:37:04.691Z] [iam] checking project quake-33bdf for permissions ["firebase.projects.get","firebasehosting.sites.update"]
[debug] [2019-07-11T07:37:04.693Z] >>> HTTP REQUEST POST https://cloudresourcemanager.googleapis.com/v1/projects/quake-33bdf:testIamPermissions  

[debug] [2019-07-11T07:37:05.160Z] <<< HTTP RESPONSE 200
[debug] [2019-07-11T07:37:05.162Z] >>> HTTP REQUEST GET https://firebase.googleapis.com/v1beta1/projects/quake-33bdf  
 
[debug] [2019-07-11T07:37:05.379Z] <<< HTTP RESPONSE 200
[info] 
[info] === Deploying to 'quake-33bdf'...
[info] 
[info] i  deploying hosting
[info] 
[info] ✔  Deploy complete!
[info] 
[info] Project Console: https://console.firebase.google.com/project/quake-33bdf/overview
[debug] [2019-07-11T07:37:05.385Z] TypeError: Cannot read property 'deploys' of undefined
    at /usr/local/lib/node_modules/firebase-tools/lib/deploy/index.js:84:36
    at <anonymous>
    at process._tickDomainCallback (internal/process/next_tick.js:229:7)
[error] 
[error] Error: An unexpected error has occurred.
[debug] [2019-07-11T07:37:59.281Z] ----------------------------------------------------------------------
[debug] [2019-07-11T07:37:59.283Z] Command:       /usr/local/bin/node /usr/local/bin/firebase deploy
[debug] [2019-07-11T07:37:59.283Z] CLI Version:   7.0.2
[debug] [2019-07-11T07:37:59.283Z] Platform:      darwin
[debug] [2019-07-11T07:37:59.283Z] Node Version:  v8.12.0
[debug] [2019-07-11T07:37:59.284Z] Time:          Thu Jul 11 2019 00:37:59 GMT-0700 (PDT)
[debug] [2019-07-11T07:37:59.284Z] ----------------------------------------------------------------------
[debug] 
[debug] [2019-07-11T07:37:59.292Z] > command requires scopes: ["email","openid","https://www.googleapis.com/auth/cloudplatformprojects.readonly","https://www.googleapis.com/auth/firebase","https://www.googleapis.com/auth/cloud-platform"]
[debug] [2019-07-11T07:37:59.292Z] > authorizing via signed-in user
[debug] [2019-07-11T07:37:59.292Z] [iam] checking project quake-33bdf for permissions ["firebase.projects.get","firebasehosting.sites.update"]
[debug] [2019-07-11T07:37:59.294Z] >>> HTTP REQUEST POST https://cloudresourcemanager.googleapis.com/v1/projects/quake-33bdf:testIamPermissions  

[debug] [2019-07-11T07:37:59.635Z] <<< HTTP RESPONSE 200
[debug] [2019-07-11T07:37:59.638Z] >>> HTTP REQUEST GET https://firebase.googleapis.com/v1beta1/projects/quake-33bdf  
 
[debug] [2019-07-11T07:37:59.818Z] <<< HTTP RESPONSE 200
[info] 
[info] === Deploying to 'quake-33bdf'...
[info] 
[info] i  deploying hosting
[debug] [2019-07-11T07:37:59.823Z] >>> HTTP REQUEST POST https://firebasehosting.googleapis.com/v1beta1/sites/quake-33bdf/versions  

[debug] [2019-07-11T07:38:10.282Z] <<< HTTP RESPONSE 503
[debug] [2019-07-11T07:38:10.282Z] <<< HTTP RESPONSE BODY
[error] 
[error] Error: HTTP Error: 503, The service is currently unavailable.
[debug] [2019-07-11T07:38:10.286Z] Error Context: {
  "body": {
    "error": {
      "code": 503,
      "message": "The service is currently unavailable.",
      "status": "UNAVAILABLE"
    }
  },
  "response": {
    "statusCode": 503,
    "body": {
      "error": {
        "code": 503,
        "message": "The service is currently unavailable.",
        "status": "UNAVAILABLE"
      }
    },
    "headers": {
      "vary": "X-Origin, Referer, Origin,Accept-Encoding",
      "content-type": "application/json; charset=UTF-8",
      "date": "Thu, 11 Jul 2019 07:38:10 GMT",
      "server": "ESF",
      "cache-control": "private",
      "x-xss-protection": "0",
      "x-frame-options": "SAMEORIGIN",
      "x-content-type-options": "nosniff",
      "alt-svc": "quic=\":443\"; ma=2592000; v=\"46,43,39\"",
      "accept-ranges": "none",
      "transfer-encoding": "chunked"
    },
    "request": {
      "uri": {
        "protocol": "https:",
        "slashes": true,
        "auth": null,
        "host": "firebasehosting.googleapis.com",
        "port": 443,
        "hostname": "firebasehosting.googleapis.com",
        "hash": null,
        "search": null,
        "query": null,
        "pathname": "/v1beta1/sites/quake-33bdf/versions",
        "path": "/v1beta1/sites/quake-33bdf/versions",
        "href": "https://firebasehosting.googleapis.com/v1beta1/sites/quake-33bdf/versions"
      },
      "method": "POST"
    }
  }
}
